{
  "stats": {
    "suites": 1,
    "tests": 3,
    "passes": 3,
    "pending": 0,
    "failures": 0,
    "start": "2024-08-22T15:31:26.896Z",
    "end": "2024-08-22T15:31:48.388Z",
    "duration": 21492,
    "testsRegistered": 3,
    "passPercent": 100,
    "pendingPercent": 0,
    "other": 0,
    "hasOther": false,
    "skipped": 0,
    "hasSkipped": false
  },
  "results": [
    {
      "uuid": "168e9f18-8b81-4a4d-9cfa-f381d609198c",
      "title": "",
      "fullFile": "cypress\\e2e\\Cintoo-QA_DIALLO.cy.js",
      "file": "cypress\\e2e\\Cintoo-QA_DIALLO.cy.js",
      "beforeHooks": [],
      "afterHooks": [],
      "tests": [],
      "suites": [
        {
          "uuid": "ad6e6142-2cce-4b54-823a-b771ac7be54e",
          "title": "Cintoo Showcase page",
          "fullFile": "",
          "file": "",
          "beforeHooks": [],
          "afterHooks": [],
          "tests": [
            {
              "title": "Check the number of demo projects on the showcase page",
              "fullTitle": "Cintoo Showcase page Check the number of demo projects on the showcase page",
              "timedOut": null,
              "duration": 5316,
              "state": "passed",
              "speed": "medium",
              "pass": true,
              "fail": false,
              "pending": false,
              "context": null,
              "code": "showcasePageObj.elements.projectListDemo().should('have.length', numberDemoProj);",
              "err": {},
              "uuid": "f8fdb3e1-61f5-45c4-af2a-80f240431f9d",
              "parentUUID": "ad6e6142-2cce-4b54-823a-b771ac7be54e",
              "isHook": false,
              "skipped": false
            },
            {
              "title": "Check that each project demo contains an image and a button",
              "fullTitle": "Cintoo Showcase page Check that each project demo contains an image and a button",
              "timedOut": null,
              "duration": 1244,
              "state": "passed",
              "speed": "fast",
              "pass": true,
              "fail": false,
              "pending": false,
              "context": null,
              "code": "showcasePageObj.elements.projectListDemo().each(($li, index, $lis) => {\n  // Check  each project demo a button  with the text: \"Play 3D Demo\"\n  showcasePageObj.elements.projectDemoButton().eq(index).contains(textDemoProj);\n  // Check that each project demo contains an image and a button\n  showcasePageObj.elements.projectDemoImage().eq(index).find('img').should('be.visible');\n});",
              "err": {},
              "uuid": "2ce6388d-6a8a-4130-a670-ae9b6b974007",
              "parentUUID": "ad6e6142-2cce-4b54-823a-b771ac7be54e",
              "isHook": false,
              "skipped": false
            },
            {
              "title": "Check Buy URL contains /buy",
              "fullTitle": "Cintoo Showcase page Check Buy URL contains /buy",
              "timedOut": null,
              "duration": 14267,
              "state": "passed",
              "speed": "slow",
              "pass": true,
              "fail": false,
              "pending": false,
              "context": null,
              "code": "showcasePageObj.elements.buyButton().click();\ncy.url({\n  timeout: 30000\n}).should('include', '/buy/');",
              "err": {},
              "uuid": "f1263d15-2fa5-493c-954a-7a6349e91c3f",
              "parentUUID": "ad6e6142-2cce-4b54-823a-b771ac7be54e",
              "isHook": false,
              "skipped": false
            }
          ],
          "suites": [],
          "passes": [
            "f8fdb3e1-61f5-45c4-af2a-80f240431f9d",
            "2ce6388d-6a8a-4130-a670-ae9b6b974007",
            "f1263d15-2fa5-493c-954a-7a6349e91c3f"
          ],
          "failures": [],
          "pending": [],
          "skipped": [],
          "duration": 20827,
          "root": false,
          "rootEmpty": false,
          "_timeout": 2000
        }
      ],
      "passes": [],
      "failures": [],
      "pending": [],
      "skipped": [],
      "duration": 0,
      "root": true,
      "rootEmpty": true,
      "_timeout": 2000
    }
  ],
  "meta": {
    "mocha": {
      "version": "7.0.1"
    },
    "mochawesome": {
      "options": {
        "quiet": false,
        "reportFilename": "mochawesome",
        "saveHtml": true,
        "saveJson": true,
        "consoleReporter": "spec",
        "useInlineDiffs": false,
        "code": true
      },
      "version": "7.1.3"
    },
    "marge": {
      "options": {
        "reportDir": "cypress/results",
        "overwrite": true,
        "html": true,
        "json": true
      },
      "version": "6.2.0"
    }
  }
}