{
  "stats": {
    "suites": 1,
    "tests": 3,
    "passes": 3,
    "pending": 0,
    "failures": 0,
    "start": "2024-08-22T15:08:58.829Z",
    "end": "2024-08-22T15:09:19.061Z",
    "duration": 20232,
    "testsRegistered": 3,
    "passPercent": 100,
    "pendingPercent": 0,
    "other": 0,
    "hasOther": false,
    "skipped": 0,
    "hasSkipped": false
  },
  "results": [
    {
      "uuid": "4ffa2819-c6f8-4b69-8ed5-0013ebd13f6f",
      "title": "",
      "fullFile": "cypress\\e2e\\Cintoo-QA_DIALLO.cy.js",
      "file": "cypress\\e2e\\Cintoo-QA_DIALLO.cy.js",
      "beforeHooks": [],
      "afterHooks": [],
      "tests": [],
      "suites": [
        {
          "uuid": "17a97fe3-4d28-4289-970b-5f67366c5630",
          "title": "Cintoo Showcase page",
          "fullFile": "",
          "file": "",
          "beforeHooks": [],
          "afterHooks": [],
          "tests": [
            {
              "title": "Check the number of demo projects on the showcase page",
              "fullTitle": "Cintoo Showcase page Check the number of demo projects on the showcase page",
              "timedOut": null,
              "duration": 4886,
              "state": "passed",
              "speed": "fast",
              "pass": true,
              "fail": false,
              "pending": false,
              "context": null,
              "code": "showcasePageObjet.elements.projetListDemo().should('have.length', numberDemoProject);",
              "err": {},
              "uuid": "61bcf7fc-ad4c-4a37-818e-acd7d9c2da81",
              "parentUUID": "17a97fe3-4d28-4289-970b-5f67366c5630",
              "isHook": false,
              "skipped": false
            },
            {
              "title": "Check that each project demo contains an image and a button",
              "fullTitle": "Cintoo Showcase page Check that each project demo contains an image and a button",
              "timedOut": null,
              "duration": 1186,
              "state": "passed",
              "speed": "fast",
              "pass": true,
              "fail": false,
              "pending": false,
              "context": null,
              "code": "showcasePageObjet.elements.projetListDemo().each(($li, index, $lis) => {\n  // Check  each project demo a button  with the text: \"Play 3D Demo\"\n  showcasePageObjet.elements.projetDemoButton().eq(index).contains(textDemoProjet);\n  // Check that each project demo contains an image and a button\n  showcasePageObjet.elements.projetDemoImage().eq(index).find('img').should('be.visible');\n});",
              "err": {},
              "uuid": "b22e486b-6355-4512-8054-81fe74e8a916",
              "parentUUID": "17a97fe3-4d28-4289-970b-5f67366c5630",
              "isHook": false,
              "skipped": false
            },
            {
              "title": "Check Buy URL contains /buy",
              "fullTitle": "Cintoo Showcase page Check Buy URL contains /buy",
              "timedOut": null,
              "duration": 13495,
              "state": "passed",
              "speed": "slow",
              "pass": true,
              "fail": false,
              "pending": false,
              "context": null,
              "code": "showcasePageObjet.elements.buyButton().click();\ncy.url({\n  timeout: 30000\n}).should('include', '/buy/');",
              "err": {},
              "uuid": "59f842de-e159-424f-a7e9-9f8cbe498c63",
              "parentUUID": "17a97fe3-4d28-4289-970b-5f67366c5630",
              "isHook": false,
              "skipped": false
            }
          ],
          "suites": [],
          "passes": [
            "61bcf7fc-ad4c-4a37-818e-acd7d9c2da81",
            "b22e486b-6355-4512-8054-81fe74e8a916",
            "59f842de-e159-424f-a7e9-9f8cbe498c63"
          ],
          "failures": [],
          "pending": [],
          "skipped": [],
          "duration": 19567,
          "root": false,
          "rootEmpty": false,
          "_timeout": 2000
        }
      ],
      "passes": [],
      "failures": [],
      "pending": [],
      "skipped": [],
      "duration": 0,
      "root": true,
      "rootEmpty": true,
      "_timeout": 2000
    }
  ],
  "meta": {
    "mocha": {
      "version": "7.0.1"
    },
    "mochawesome": {
      "options": {
        "quiet": false,
        "reportFilename": "mochawesome",
        "saveHtml": true,
        "saveJson": true,
        "consoleReporter": "spec",
        "useInlineDiffs": false,
        "code": true
      },
      "version": "7.1.3"
    },
    "marge": {
      "options": {
        "reportDir": "cypress/results",
        "overwrite": true,
        "html": true,
        "json": true
      },
      "version": "6.2.0"
    }
  }
}