{
  "stats": {
    "suites": 1,
    "tests": 3,
    "passes": 3,
    "pending": 0,
    "failures": 0,
    "start": "2024-08-22T14:23:05.101Z",
    "end": "2024-08-22T14:23:25.333Z",
    "duration": 20232,
    "testsRegistered": 3,
    "passPercent": 100,
    "pendingPercent": 0,
    "other": 0,
    "hasOther": false,
    "skipped": 0,
    "hasSkipped": false
  },
  "results": [
    {
      "uuid": "d3391524-f077-4eae-a3e0-84f7be342c9b",
      "title": "",
      "fullFile": "cypress\\e2e\\Cintoo-QA_DIALLO.cy.js",
      "file": "cypress\\e2e\\Cintoo-QA_DIALLO.cy.js",
      "beforeHooks": [],
      "afterHooks": [],
      "tests": [],
      "suites": [
        {
          "uuid": "b9464dd6-ebf1-4644-9698-f19ccdc0eb0e",
          "title": "Cintoo Showcase page",
          "fullFile": "",
          "file": "",
          "beforeHooks": [],
          "afterHooks": [],
          "tests": [
            {
              "title": "Check the number of demo projects on the showcase page",
              "fullTitle": "Cintoo Showcase page Check the number of demo projects on the showcase page",
              "timedOut": null,
              "duration": 4196,
              "state": "passed",
              "speed": "fast",
              "pass": true,
              "fail": false,
              "pending": false,
              "context": null,
              "code": "showcasePageObjet.elements.projetListDemo().should('have.length', numberDemoProject);",
              "err": {},
              "uuid": "3d933ed0-ab47-47f8-b78d-d384f01bc990",
              "parentUUID": "b9464dd6-ebf1-4644-9698-f19ccdc0eb0e",
              "isHook": false,
              "skipped": false
            },
            {
              "title": "Check that each project demo contains an image and a button",
              "fullTitle": "Cintoo Showcase page Check that each project demo contains an image and a button",
              "timedOut": null,
              "duration": 2219,
              "state": "passed",
              "speed": "fast",
              "pass": true,
              "fail": false,
              "pending": false,
              "context": null,
              "code": "showcasePageObjet.elements.projetListDemo().each(($li, index, $lis) => {\n  // Check  each project demo a button  with the text: \"Play 3D Demo\"\n  showcasePageObjet.elements.projetDemoButton().eq(index).contains(textDemoProjet);\n  // Check that each project demo contains an image and a button\n  showcasePageObjet.elements.projetDemoImage().eq(index).find('img').should('be.visible');\n});",
              "err": {},
              "uuid": "f1beb3d7-c723-47e0-8030-b53de026b762",
              "parentUUID": "b9464dd6-ebf1-4644-9698-f19ccdc0eb0e",
              "isHook": false,
              "skipped": false
            },
            {
              "title": "Check Buy URL contains /buy",
              "fullTitle": "Cintoo Showcase page Check Buy URL contains /buy",
              "timedOut": null,
              "duration": 12334,
              "state": "passed",
              "speed": "slow",
              "pass": true,
              "fail": false,
              "pending": false,
              "context": null,
              "code": "showcasePageObjet.elements.buyButton().click();\ncy.url({\n  timeout: 30000\n}).should('include', '/buy/');",
              "err": {},
              "uuid": "6cad9bfd-b590-466c-b5d6-cf1b882e8348",
              "parentUUID": "b9464dd6-ebf1-4644-9698-f19ccdc0eb0e",
              "isHook": false,
              "skipped": false
            }
          ],
          "suites": [],
          "passes": [
            "3d933ed0-ab47-47f8-b78d-d384f01bc990",
            "f1beb3d7-c723-47e0-8030-b53de026b762",
            "6cad9bfd-b590-466c-b5d6-cf1b882e8348"
          ],
          "failures": [],
          "pending": [],
          "skipped": [],
          "duration": 18749,
          "root": false,
          "rootEmpty": false,
          "_timeout": 2000
        }
      ],
      "passes": [],
      "failures": [],
      "pending": [],
      "skipped": [],
      "duration": 0,
      "root": true,
      "rootEmpty": true,
      "_timeout": 2000
    }
  ],
  "meta": {
    "mocha": {
      "version": "7.0.1"
    },
    "mochawesome": {
      "options": {
        "quiet": false,
        "reportFilename": "mochawesome",
        "saveHtml": true,
        "saveJson": true,
        "consoleReporter": "spec",
        "useInlineDiffs": false,
        "code": true
      },
      "version": "7.1.3"
    },
    "marge": {
      "options": {
        "reportDir": "cypress/results",
        "overwrite": true,
        "html": true,
        "json": true
      },
      "version": "6.2.0"
    }
  }
}